frameworks/cocos2d-x/cocos/platform/android/java/libs/gps/build/outputs/logs/manifest-merger-debug-report.txt
-- Merging decision tree log ---
manifest
ADDED from libs/gps/AndroidManifest.xml:16:1-26:12
INJECTED from libs/gps/AndroidManifest.xml:16:1-26:12
INJECTED from libs/gps/AndroidManifest.xml:16:1-26:12
	package
		ADDED from libs/gps/AndroidManifest.xml:17:11-43
		INJECTED from libs/gps/AndroidManifest.xml
		INJECTED from libs/gps/AndroidManifest.xml
	xmlns:android
		ADDED from libs/gps/AndroidManifest.xml:16:11-69
uses-sdk
ADDED from libs/gps/AndroidManifest.xml:18:5-42
INJECTED from libs/gps/AndroidManifest.xml:18:5-42
INJECTED from libs/gps/AndroidManifest.xml:18:5-42
INJECTED from libs/gps/AndroidManifest.xml:18:5-42
INJECTED from libs/gps/AndroidManifest.xml:18:5-42
	android:targetSdkVersion
		INJECTED from libs/gps/AndroidManifest.xml
		ADDED from libs/gps/AndroidManifest.xml:18:5-42
		INJECTED from libs/gps/AndroidManifest.xml
	android:minSdkVersion
		ADDED from libs/gps/AndroidManifest.xml:18:15-40
		INJECTED from libs/gps/AndroidManifest.xml
		INJECTED from libs/gps/AndroidManifest.xml
application
ADDED from libs/gps/AndroidManifest.xml:20:5-24:19
meta-data#com.google.android.gms.version
ADDED from libs/gps/AndroidManifest.xml:21:9-23:69
	android:value
		ADDED from libs/gps/AndroidManifest.xml:23:13-66
	android:name
		ADDED from libs/gps/AndroidManifest.xml:22:13-58